test_numbers.cpp:1:24: fatal error: UnitTest++.h: No such file or directory
 #include "UnitTest++.h"
                        ^
compilation terminated.
make: *** [/test_numbers.o] Error 1
